<?xml version="1.0" encoding="UTF-8"?>
<!-- Generated by org.testng.reporters.JUnitXMLReporter -->
<testsuite ignored="0" hostname="MININT-6SH45PE" failures="0" tests="2" name="Test" time="12.521" errors="0" timestamp="2023-12-04T20:48:08 PKT">
  <testcase classname="com.parallel.universe.tests.APITestScenarios" name="DashboardLayoutFinmarkCS" time="1.832"/>
  <testcase classname="com.parallel.universe.tests.APITestScenarios" name="DashboardLayoutWithAssert" time="1.6"/>
</testsuite> <!-- Test -->
