<?xml version="1.0" encoding="UTF-8"?>
<!-- Generated by org.testng.reporters.JUnitXMLReporter -->
<testsuite ignored="0" hostname="MININT-6SH45PE" failures="1" tests="3" name="Surefire test" time="25.955" errors="0" timestamp="2023-12-04T14:42:17 PKT">
  <testcase classname="com.parallel.universe.tests.SauceDemoWebTest" name="loginTest" time="2.254"/>
  <testcase classname="com.parallel.universe.tests.SauceDemoWebTest" name="loginTestFailed" time="0.684">
    <failure type="java.lang.AssertionError" message="expected [Swag Lab] but found [Swag Labs]">
      <![CDATA[java.lang.AssertionError: expected [Swag Lab] but found [Swag Labs]
at com.parallel.universe.tests.SauceDemoWebTest.loginTestFailed(SauceDemoWebTest.java:64)
at java.base/java.util.ArrayList.forEach(ArrayList.java:1511)
... Removed 38 stack frames]]>
    </failure>
  </testcase> <!-- loginTestFailed -->
  <testcase classname="com.parallel.universe.tests.SauceDemoWebTest" name="productSelect" time="12.38"/>
</testsuite> <!-- Surefire test -->
