<?xml version="1.0" encoding="UTF-8"?>
<!-- Generated by org.testng.reporters.JUnitXMLReporter -->
<testsuite ignored="0" hostname="MININT-6SH45PE" failures="0" tests="3" name="Test" time="7.933" errors="0" timestamp="2023-12-04T16:04:52 PKT">
  <testcase classname="com.parallel.universe.base.BaseClass" name="@BeforeMethod setupBrowser" time="6.962">
    <failure type="org.openqa.selenium.SessionNotCreatedException" message="Could not start a new session. Response code 500. Message: session not created: This version of ChromeDriver only supports Chrome version 114
Current browser version is 119.0.6045.160 with binary path C:\Program Files\Google\Chrome\Application\chrome.exe 
Host info: host: &amp;apos;MININT-6SH45PE&amp;apos;, ip: &amp;apos;192.168.100.8&amp;apos;
Build info: version: &amp;apos;4.11.0&amp;apos;, revision: &amp;apos;040bc5406b&amp;apos;
System info: os.name: &amp;apos;Windows 10&amp;apos;, os.arch: &amp;apos;amd64&amp;apos;, os.version: &amp;apos;10.0&amp;apos;, java.version: &amp;apos;17.0.8&amp;apos;
Driver info: org.openqa.selenium.chrome.ChromeDriver
Command: [null, newSession {capabilities=[Capabilities {browserName: chrome, goog:chromeOptions: {args: [--remote-allow-origins=*], binary: C:\Program Files\Google\Chr..., extensions: []}}]}]">
      <![CDATA[org.openqa.selenium.SessionNotCreatedException: Could not start a new session. Response code 500. Message: session not created: This version of ChromeDriver only supports Chrome version 114
Current browser version is 119.0.6045.160 with binary path C:\Program Files\Google\Chrome\Application\chrome.exe 
Host info: host: 'MININT-6SH45PE', ip: '192.168.100.8'
Build info: version: '4.11.0', revision: '040bc5406b'
System info: os.name: 'Windows 10', os.arch: 'amd64', os.version: '10.0', java.version: '17.0.8'
Driver info: org.openqa.selenium.chrome.ChromeDriver
Command: [null, newSession {capabilities=[Capabilities {browserName: chrome, goog:chromeOptions: {args: [--remote-allow-origins=*], binary: C:\Program Files\Google\Chr..., extensions: []}}]}]
at org.openqa.selenium.remote.ProtocolHandshake.createSession(ProtocolHandshake.java:140)
at org.openqa.selenium.remote.ProtocolHandshake.createSession(ProtocolHandshake.java:96)
at org.openqa.selenium.remote.ProtocolHandshake.createSession(ProtocolHandshake.java:68)
at org.openqa.selenium.remote.HttpCommandExecutor.execute(HttpCommandExecutor.java:163)
at org.openqa.selenium.remote.service.DriverCommandExecutor.invokeExecute(DriverCommandExecutor.java:196)
at org.openqa.selenium.remote.service.DriverCommandExecutor.execute(DriverCommandExecutor.java:171)
at org.openqa.selenium.remote.RemoteWebDriver.execute(RemoteWebDriver.java:518)
at org.openqa.selenium.remote.RemoteWebDriver.startSession(RemoteWebDriver.java:232)
at org.openqa.selenium.remote.RemoteWebDriver.<init>(RemoteWebDriver.java:159)
at org.openqa.selenium.chromium.ChromiumDriver.<init>(ChromiumDriver.java:108)
at org.openqa.selenium.chrome.ChromeDriver.<init>(ChromeDriver.java:88)
at org.openqa.selenium.chrome.ChromeDriver.<init>(ChromeDriver.java:83)
at org.openqa.selenium.chrome.ChromeDriver.<init>(ChromeDriver.java:51)
at com.parallel.universe.base.BaseClass.setupBrowser(BaseClass.java:64)
at java.base/java.util.concurrent.ThreadPoolExecutor.runWorker(ThreadPoolExecutor.java:1136)
at java.base/java.util.concurrent.ThreadPoolExecutor$Worker.run(ThreadPoolExecutor.java:635)
at java.base/java.lang.Thread.run(Thread.java:833)
... Removed 16 stack frames]]>
    </failure>
  </testcase> <!-- @BeforeMethod setupBrowser -->
  <testcase classname="com.parallel.universe.base.BaseClass" name="@AfterMethod getResult" time="0.0">
    <skipped/>
  </testcase> <!-- @AfterMethod getResult -->
  <testcase classname="com.parallel.universe.base.BaseClass" name="@BeforeMethod setupBrowser" time="0.0">
    <skipped/>
  </testcase> <!-- @BeforeMethod setupBrowser -->
  <testcase classname="com.parallel.universe.base.BaseClass" name="@AfterMethod getResult" time="0.0">
    <skipped/>
  </testcase> <!-- @AfterMethod getResult -->
  <testcase classname="com.parallel.universe.base.BaseClass" name="@BeforeMethod setupBrowser" time="0.0">
    <skipped/>
  </testcase> <!-- @BeforeMethod setupBrowser -->
  <testcase classname="com.parallel.universe.base.BaseClass" name="@AfterMethod getResult" time="0.0">
    <skipped/>
  </testcase> <!-- @AfterMethod getResult -->
  <testcase classname="com.parallel.universe.tests.SauceDemoWebTest" name="loginTest" time="0.0">
    <skipped/>
  </testcase> <!-- loginTest -->
  <testcase classname="com.parallel.universe.tests.SauceDemoWebTest" name="loginTestFailed" time="0.0">
    <skipped/>
  </testcase> <!-- loginTestFailed -->
  <testcase classname="com.parallel.universe.tests.SauceDemoWebTest" name="productSelect" time="0.0">
    <skipped/>
  </testcase> <!-- productSelect -->
</testsuite> <!-- Test -->
