<?xml version="1.0" encoding="UTF-8"?>
<testng-results ignored="0" total="3" passed="2" failed="1" skipped="0">
  <reporter-output>
  </reporter-output>
  <suite started-at="2023-12-04T14:41:51 PKT" name="Surefire suite" finished-at="2023-12-04T14:42:17 PKT" duration-ms="25955">
    <groups>
    </groups>
    <test started-at="2023-12-04T14:41:51 PKT" name="Surefire test" finished-at="2023-12-04T14:42:17 PKT" duration-ms="25955">
      <class name="com.parallel.universe.tests.SauceDemoWebTest">
        <test-method is-config="true" signature="setupExtentReport()[pri:0, instance:com.parallel.universe.tests.SauceDemoWebTest@479d31f3]" started-at="2023-12-04T14:41:51 PKT" name="setupExtentReport" finished-at="2023-12-04T14:41:51 PKT" duration-ms="328" status="PASS">
          <reporter-output>
          </reporter-output>
        </test-method> <!-- setupExtentReport -->
        <test-method is-config="true" signature="setupBrowser()[pri:0, instance:com.parallel.universe.tests.SauceDemoWebTest@479d31f3]" started-at="2023-12-04T14:41:51 PKT" name="setupBrowser" finished-at="2023-12-04T14:41:55 PKT" duration-ms="4371" status="PASS">
          <reporter-output>
          </reporter-output>
        </test-method> <!-- setupBrowser -->
        <test-method signature="loginTest()[pri:0, instance:com.parallel.universe.tests.SauceDemoWebTest@479d31f3]" started-at="2023-12-04T14:41:55 PKT" name="loginTest" finished-at="2023-12-04T14:41:58 PKT" duration-ms="2254" status="PASS">
          <reporter-output>
          </reporter-output>
        </test-method> <!-- loginTest -->
        <test-method is-config="true" signature="getResult(org.testng.ITestResult)[pri:0, instance:com.parallel.universe.tests.SauceDemoWebTest@479d31f3]" started-at="2023-12-04T14:41:58 PKT" name="getResult" finished-at="2023-12-04T14:41:58 PKT" duration-ms="375" status="PASS">
          <params>
            <param index="0">
              <value>
                <![CDATA[[TestResult name=loginTest status=SUCCESS method=SauceDemoWebTest.loginTest()[pri:0, instance:com.parallel.universe.tests.SauceDemoWebTest@479d31f3] output={null}]]]>
              </value>
            </param>
          </params>
          <reporter-output>
          </reporter-output>
        </test-method> <!-- getResult -->
        <test-method is-config="true" signature="setupBrowser()[pri:0, instance:com.parallel.universe.tests.SauceDemoWebTest@479d31f3]" started-at="2023-12-04T14:41:58 PKT" name="setupBrowser" finished-at="2023-12-04T14:42:00 PKT" duration-ms="2132" status="PASS">
          <reporter-output>
          </reporter-output>
        </test-method> <!-- setupBrowser -->
        <test-method signature="loginTestFailed()[pri:0, instance:com.parallel.universe.tests.SauceDemoWebTest@479d31f3]" started-at="2023-12-04T14:42:00 PKT" name="loginTestFailed" finished-at="2023-12-04T14:42:01 PKT" duration-ms="684" status="FAIL">
          <exception class="java.lang.AssertionError">
            <message>
              <![CDATA[expected [Swag Lab] but found [Swag Labs]]]>
            </message>
            <full-stacktrace>
              <![CDATA[java.lang.AssertionError: expected [Swag Lab] but found [Swag Labs]
at org.testng.Assert.fail(Assert.java:111)
at org.testng.Assert.failNotEquals(Assert.java:1578)
at org.testng.Assert.assertEqualsImpl(Assert.java:150)
at org.testng.Assert.assertEquals(Assert.java:132)
at org.testng.Assert.assertEquals(Assert.java:656)
at org.testng.Assert.assertEquals(Assert.java:666)
at com.parallel.universe.tests.SauceDemoWebTest.loginTestFailed(SauceDemoWebTest.java:64)
at java.base/jdk.internal.reflect.NativeMethodAccessorImpl.invoke0(Native Method)
at java.base/jdk.internal.reflect.NativeMethodAccessorImpl.invoke(NativeMethodAccessorImpl.java:77)
at java.base/jdk.internal.reflect.DelegatingMethodAccessorImpl.invoke(DelegatingMethodAccessorImpl.java:43)
at java.base/java.lang.reflect.Method.invoke(Method.java:568)
at org.testng.internal.invokers.MethodInvocationHelper.invokeMethod(MethodInvocationHelper.java:139)
at org.testng.internal.invokers.TestInvoker.invokeMethod(TestInvoker.java:664)
at org.testng.internal.invokers.TestInvoker.invokeTestMethod(TestInvoker.java:227)
at org.testng.internal.invokers.MethodRunner.runInSequence(MethodRunner.java:50)
at org.testng.internal.invokers.TestInvoker$MethodInvocationAgent.invoke(TestInvoker.java:957)
at org.testng.internal.invokers.TestInvoker.invokeTestMethods(TestInvoker.java:200)
at org.testng.internal.invokers.TestMethodWorker.invokeTestMethods(TestMethodWorker.java:148)
at org.testng.internal.invokers.TestMethodWorker.run(TestMethodWorker.java:128)
at java.base/java.util.ArrayList.forEach(ArrayList.java:1511)
at org.testng.TestRunner.privateRun(TestRunner.java:848)
at org.testng.TestRunner.run(TestRunner.java:621)
at org.testng.SuiteRunner.runTest(SuiteRunner.java:443)
at org.testng.SuiteRunner.runSequentially(SuiteRunner.java:437)
at org.testng.SuiteRunner.privateRun(SuiteRunner.java:397)
at org.testng.SuiteRunner.run(SuiteRunner.java:336)
at org.testng.SuiteRunnerWorker.runSuite(SuiteRunnerWorker.java:52)
at org.testng.SuiteRunnerWorker.run(SuiteRunnerWorker.java:95)
at org.testng.TestNG.runSuitesSequentially(TestNG.java:1280)
at org.testng.TestNG.runSuitesLocally(TestNG.java:1200)
at org.testng.TestNG.runSuites(TestNG.java:1114)
at org.testng.TestNG.run(TestNG.java:1082)
at org.apache.maven.surefire.testng.TestNGExecutor.run(TestNGExecutor.java:155)
at org.apache.maven.surefire.testng.TestNGDirectoryTestSuite.executeMulti(TestNGDirectoryTestSuite.java:169)
at org.apache.maven.surefire.testng.TestNGDirectoryTestSuite.execute(TestNGDirectoryTestSuite.java:88)
at org.apache.maven.surefire.testng.TestNGProvider.invoke(TestNGProvider.java:137)
at org.apache.maven.surefire.booter.ForkedBooter.runSuitesInProcess(ForkedBooter.java:385)
at org.apache.maven.surefire.booter.ForkedBooter.execute(ForkedBooter.java:162)
at org.apache.maven.surefire.booter.ForkedBooter.run(ForkedBooter.java:507)
at org.apache.maven.surefire.booter.ForkedBooter.main(ForkedBooter.java:495)
]]>
            </full-stacktrace>
          </exception> <!-- java.lang.AssertionError -->
          <reporter-output>
          </reporter-output>
        </test-method> <!-- loginTestFailed -->
        <test-method is-config="true" signature="getResult(org.testng.ITestResult)[pri:0, instance:com.parallel.universe.tests.SauceDemoWebTest@479d31f3]" started-at="2023-12-04T14:42:01 PKT" name="getResult" finished-at="2023-12-04T14:42:01 PKT" duration-ms="370" status="PASS">
          <params>
            <param index="0">
              <value>
                <![CDATA[[TestResult name=loginTestFailed status=FAILURE method=SauceDemoWebTest.loginTestFailed()[pri:0, instance:com.parallel.universe.tests.SauceDemoWebTest@479d31f3] output={null}]]]>
              </value>
            </param>
          </params>
          <reporter-output>
          </reporter-output>
        </test-method> <!-- getResult -->
        <test-method is-config="true" signature="setupBrowser()[pri:0, instance:com.parallel.universe.tests.SauceDemoWebTest@479d31f3]" started-at="2023-12-04T14:42:01 PKT" name="setupBrowser" finished-at="2023-12-04T14:42:03 PKT" duration-ms="2119" status="PASS">
          <reporter-output>
          </reporter-output>
        </test-method> <!-- setupBrowser -->
        <test-method signature="productSelect()[pri:0, instance:com.parallel.universe.tests.SauceDemoWebTest@479d31f3]" started-at="2023-12-04T14:42:03 PKT" name="productSelect" finished-at="2023-12-04T14:42:16 PKT" duration-ms="12380" status="PASS">
          <reporter-output>
          </reporter-output>
        </test-method> <!-- productSelect -->
        <test-method is-config="true" signature="getResult(org.testng.ITestResult)[pri:0, instance:com.parallel.universe.tests.SauceDemoWebTest@479d31f3]" started-at="2023-12-04T14:42:16 PKT" name="getResult" finished-at="2023-12-04T14:42:16 PKT" duration-ms="447" status="PASS">
          <params>
            <param index="0">
              <value>
                <![CDATA[[TestResult name=productSelect status=SUCCESS method=SauceDemoWebTest.productSelect()[pri:0, instance:com.parallel.universe.tests.SauceDemoWebTest@479d31f3] output={null}]]]>
              </value>
            </param>
          </params>
          <reporter-output>
          </reporter-output>
        </test-method> <!-- getResult -->
        <test-method is-config="true" signature="endReport()[pri:0, instance:com.parallel.universe.tests.SauceDemoWebTest@479d31f3]" started-at="2023-12-04T14:42:16 PKT" name="endReport" finished-at="2023-12-04T14:42:17 PKT" duration-ms="400" status="PASS">
          <reporter-output>
          </reporter-output>
        </test-method> <!-- endReport -->
      </class> <!-- com.parallel.universe.tests.SauceDemoWebTest -->
    </test> <!-- Surefire test -->
  </suite> <!-- Surefire suite -->
</testng-results>
