<?xml version="1.0" encoding="UTF-8"?>
<testng-results ignored="0" total="3" passed="3" failed="0" skipped="0">
  <reporter-output>
  </reporter-output>
  <suite started-at="2023-12-10T14:22:26 PKT" name="Suite" finished-at="2023-12-10T14:23:00 PKT" duration-ms="34313">
    <groups>
    </groups>
    <test started-at="2023-12-10T14:22:26 PKT" name="Test" finished-at="2023-12-10T14:23:00 PKT" duration-ms="34313">
      <class name="com.parallel.universe.tests.SauceDemoWebTest">
        <test-method is-config="true" signature="setupExtentReport()[pri:0, instance:com.parallel.universe.tests.SauceDemoWebTest@6b2ea799]" started-at="2023-12-10T14:22:26 PKT" name="setupExtentReport" finished-at="2023-12-10T14:22:27 PKT" duration-ms="727" status="PASS">
          <reporter-output>
          </reporter-output>
        </test-method> <!-- setupExtentReport -->
        <test-method is-config="true" signature="setupBrowser()[pri:0, instance:com.parallel.universe.tests.SauceDemoWebTest@6b2ea799]" started-at="2023-12-10T14:22:27 PKT" name="setupBrowser" finished-at="2023-12-10T14:22:37 PKT" duration-ms="10340" status="PASS">
          <reporter-output>
          </reporter-output>
        </test-method> <!-- setupBrowser -->
        <test-method signature="loginTest()[pri:0, instance:com.parallel.universe.tests.SauceDemoWebTest@6b2ea799]" started-at="2023-12-10T14:22:37 PKT" name="loginTest" finished-at="2023-12-10T14:22:40 PKT" duration-ms="2732" status="PASS">
          <reporter-output>
          </reporter-output>
        </test-method> <!-- loginTest -->
        <test-method is-config="true" signature="getResult(org.testng.ITestResult)[pri:0, instance:com.parallel.universe.tests.SauceDemoWebTest@6b2ea799]" started-at="2023-12-10T14:22:40 PKT" name="getResult" finished-at="2023-12-10T14:22:40 PKT" duration-ms="408" status="PASS">
          <params>
            <param index="0">
              <value>
                <![CDATA[[TestResult name=loginTest status=SUCCESS method=SauceDemoWebTest.loginTest()[pri:0, instance:com.parallel.universe.tests.SauceDemoWebTest@6b2ea799] output={null}]]]>
              </value>
            </param>
          </params>
          <reporter-output>
          </reporter-output>
        </test-method> <!-- getResult -->
        <test-method is-config="true" signature="setupBrowser()[pri:0, instance:com.parallel.universe.tests.SauceDemoWebTest@6b2ea799]" started-at="2023-12-10T14:22:40 PKT" name="setupBrowser" finished-at="2023-12-10T14:22:44 PKT" duration-ms="3848" status="PASS">
          <reporter-output>
          </reporter-output>
        </test-method> <!-- setupBrowser -->
        <test-method signature="loginTestFailed()[pri:0, instance:com.parallel.universe.tests.SauceDemoWebTest@6b2ea799]" started-at="2023-12-10T14:22:44 PKT" name="loginTestFailed" finished-at="2023-12-10T14:22:46 PKT" duration-ms="2168" status="PASS">
          <reporter-output>
          </reporter-output>
        </test-method> <!-- loginTestFailed -->
        <test-method is-config="true" signature="getResult(org.testng.ITestResult)[pri:0, instance:com.parallel.universe.tests.SauceDemoWebTest@6b2ea799]" started-at="2023-12-10T14:22:46 PKT" name="getResult" finished-at="2023-12-10T14:22:46 PKT" duration-ms="395" status="PASS">
          <params>
            <param index="0">
              <value>
                <![CDATA[[TestResult name=loginTestFailed status=SUCCESS method=SauceDemoWebTest.loginTestFailed()[pri:0, instance:com.parallel.universe.tests.SauceDemoWebTest@6b2ea799] output={null}]]]>
              </value>
            </param>
          </params>
          <reporter-output>
          </reporter-output>
        </test-method> <!-- getResult -->
        <test-method is-config="true" signature="setupBrowser()[pri:0, instance:com.parallel.universe.tests.SauceDemoWebTest@6b2ea799]" started-at="2023-12-10T14:22:47 PKT" name="setupBrowser" finished-at="2023-12-10T14:22:50 PKT" duration-ms="3389" status="PASS">
          <reporter-output>
          </reporter-output>
        </test-method> <!-- setupBrowser -->
        <test-method signature="productSelect()[pri:0, instance:com.parallel.universe.tests.SauceDemoWebTest@6b2ea799]" started-at="2023-12-10T14:22:50 PKT" name="productSelect" finished-at="2023-12-10T14:22:58 PKT" duration-ms="7720" status="PASS">
          <reporter-output>
          </reporter-output>
        </test-method> <!-- productSelect -->
        <test-method is-config="true" signature="getResult(org.testng.ITestResult)[pri:0, instance:com.parallel.universe.tests.SauceDemoWebTest@6b2ea799]" started-at="2023-12-10T14:22:58 PKT" name="getResult" finished-at="2023-12-10T14:22:59 PKT" duration-ms="1243" status="PASS">
          <params>
            <param index="0">
              <value>
                <![CDATA[[TestResult name=productSelect status=SUCCESS method=SauceDemoWebTest.productSelect()[pri:0, instance:com.parallel.universe.tests.SauceDemoWebTest@6b2ea799] output={null}]]]>
              </value>
            </param>
          </params>
          <reporter-output>
          </reporter-output>
        </test-method> <!-- getResult -->
        <test-method is-config="true" signature="endReport()[pri:0, instance:com.parallel.universe.tests.SauceDemoWebTest@6b2ea799]" started-at="2023-12-10T14:22:59 PKT" name="endReport" finished-at="2023-12-10T14:23:00 PKT" duration-ms="1246" status="PASS">
          <reporter-output>
          </reporter-output>
        </test-method> <!-- endReport -->
      </class> <!-- com.parallel.universe.tests.SauceDemoWebTest -->
    </test> <!-- Test -->
  </suite> <!-- Suite -->
</testng-results>
