<?xml version="1.0" encoding="UTF-8"?>
<testng-results ignored="0" total="1" passed="1" failed="0" skipped="0">
  <reporter-output>
  </reporter-output>
  <suite started-at="2023-12-04T19:29:13 PKT" name="Suite" finished-at="2023-12-04T19:29:32 PKT" duration-ms="18875">
    <groups>
    </groups>
    <test started-at="2023-12-04T19:29:13 PKT" name="Test" finished-at="2023-12-04T19:29:32 PKT" duration-ms="18875">
      <class name="com.parallel.universe.tests.AppiumTestScenarios">
        <test-method is-config="true" signature="beforeMethod()[pri:0, instance:com.parallel.universe.tests.AppiumTestScenarios@385c9627]" started-at="2023-12-04T19:29:13 PKT" name="beforeMethod" finished-at="2023-12-04T19:29:14 PKT" duration-ms="206" status="PASS">
          <reporter-output>
          </reporter-output>
        </test-method> <!-- beforeMethod -->
        <test-method signature="PreferenceTest()[pri:0, instance:com.parallel.universe.tests.AppiumTestScenarios@385c9627]" started-at="2023-12-04T19:29:14 PKT" name="PreferenceTest" finished-at="2023-12-04T19:29:31 PKT" duration-ms="17500" status="PASS">
          <reporter-output>
          </reporter-output>
        </test-method> <!-- PreferenceTest -->
        <test-method is-config="true" signature="afterMethod()[pri:0, instance:com.parallel.universe.tests.AppiumTestScenarios@385c9627]" started-at="2023-12-04T19:29:31 PKT" name="afterMethod" finished-at="2023-12-04T19:29:32 PKT" duration-ms="1082" status="PASS">
          <reporter-output>
          </reporter-output>
        </test-method> <!-- afterMethod -->
      </class> <!-- com.parallel.universe.tests.AppiumTestScenarios -->
    </test> <!-- Test -->
  </suite> <!-- Suite -->
</testng-results>
