<?xml version="1.0" encoding="UTF-8"?>
<testng-results ignored="0" total="3" passed="3" failed="0" skipped="0">
  <reporter-output>
  </reporter-output>
  <suite started-at="2023-12-13T16:01:21 PKT" name="Suite" finished-at="2023-12-13T16:01:55 PKT" duration-ms="33599">
    <groups>
    </groups>
    <test started-at="2023-12-13T16:01:21 PKT" name="Test" finished-at="2023-12-13T16:01:55 PKT" duration-ms="33599">
      <class name="com.parallel.universe.tests.SauceDemoWebTest">
        <test-method is-config="true" signature="setupExtentReport()[pri:0, instance:com.parallel.universe.tests.SauceDemoWebTest@6b2ea799]" started-at="2023-12-13T16:01:21 PKT" name="setupExtentReport" finished-at="2023-12-13T16:01:21 PKT" duration-ms="514" status="PASS">
          <reporter-output>
          </reporter-output>
        </test-method> <!-- setupExtentReport -->
        <test-method is-config="true" signature="setupBrowser()[pri:0, instance:com.parallel.universe.tests.SauceDemoWebTest@6b2ea799]" started-at="2023-12-13T16:01:21 PKT" name="setupBrowser" finished-at="2023-12-13T16:01:31 PKT" duration-ms="9805" status="PASS">
          <reporter-output>
          </reporter-output>
        </test-method> <!-- setupBrowser -->
        <test-method signature="loginTest()[pri:0, instance:com.parallel.universe.tests.SauceDemoWebTest@6b2ea799]" started-at="2023-12-13T16:01:31 PKT" name="loginTest" finished-at="2023-12-13T16:01:34 PKT" duration-ms="2997" status="PASS">
          <reporter-output>
          </reporter-output>
        </test-method> <!-- loginTest -->
        <test-method is-config="true" signature="getResult(org.testng.ITestResult)[pri:0, instance:com.parallel.universe.tests.SauceDemoWebTest@6b2ea799]" started-at="2023-12-13T16:01:34 PKT" name="getResult" finished-at="2023-12-13T16:01:35 PKT" duration-ms="352" status="PASS">
          <params>
            <param index="0">
              <value>
                <![CDATA[[TestResult name=loginTest status=SUCCESS method=SauceDemoWebTest.loginTest()[pri:0, instance:com.parallel.universe.tests.SauceDemoWebTest@6b2ea799] output={null}]]]>
              </value>
            </param>
          </params>
          <reporter-output>
          </reporter-output>
        </test-method> <!-- getResult -->
        <test-method is-config="true" signature="setupBrowser()[pri:0, instance:com.parallel.universe.tests.SauceDemoWebTest@6b2ea799]" started-at="2023-12-13T16:01:35 PKT" name="setupBrowser" finished-at="2023-12-13T16:01:38 PKT" duration-ms="3678" status="PASS">
          <reporter-output>
          </reporter-output>
        </test-method> <!-- setupBrowser -->
        <test-method signature="loginTestFailed()[pri:0, instance:com.parallel.universe.tests.SauceDemoWebTest@6b2ea799]" started-at="2023-12-13T16:01:38 PKT" name="loginTestFailed" finished-at="2023-12-13T16:01:41 PKT" duration-ms="2216" status="PASS">
          <reporter-output>
          </reporter-output>
        </test-method> <!-- loginTestFailed -->
        <test-method is-config="true" signature="getResult(org.testng.ITestResult)[pri:0, instance:com.parallel.universe.tests.SauceDemoWebTest@6b2ea799]" started-at="2023-12-13T16:01:41 PKT" name="getResult" finished-at="2023-12-13T16:01:41 PKT" duration-ms="289" status="PASS">
          <params>
            <param index="0">
              <value>
                <![CDATA[[TestResult name=loginTestFailed status=SUCCESS method=SauceDemoWebTest.loginTestFailed()[pri:0, instance:com.parallel.universe.tests.SauceDemoWebTest@6b2ea799] output={null}]]]>
              </value>
            </param>
          </params>
          <reporter-output>
          </reporter-output>
        </test-method> <!-- getResult -->
        <test-method is-config="true" signature="setupBrowser()[pri:0, instance:com.parallel.universe.tests.SauceDemoWebTest@6b2ea799]" started-at="2023-12-13T16:01:41 PKT" name="setupBrowser" finished-at="2023-12-13T16:01:44 PKT" duration-ms="3618" status="PASS">
          <reporter-output>
          </reporter-output>
        </test-method> <!-- setupBrowser -->
        <test-method signature="productSelect()[pri:0, instance:com.parallel.universe.tests.SauceDemoWebTest@6b2ea799]" started-at="2023-12-13T16:01:44 PKT" name="productSelect" finished-at="2023-12-13T16:01:53 PKT" duration-ms="8677" status="PASS">
          <reporter-output>
          </reporter-output>
        </test-method> <!-- productSelect -->
        <test-method is-config="true" signature="getResult(org.testng.ITestResult)[pri:0, instance:com.parallel.universe.tests.SauceDemoWebTest@6b2ea799]" started-at="2023-12-13T16:01:53 PKT" name="getResult" finished-at="2023-12-13T16:01:54 PKT" duration-ms="732" status="PASS">
          <params>
            <param index="0">
              <value>
                <![CDATA[[TestResult name=productSelect status=SUCCESS method=SauceDemoWebTest.productSelect()[pri:0, instance:com.parallel.universe.tests.SauceDemoWebTest@6b2ea799] output={null}]]]>
              </value>
            </param>
          </params>
          <reporter-output>
          </reporter-output>
        </test-method> <!-- getResult -->
        <test-method is-config="true" signature="endReport()[pri:0, instance:com.parallel.universe.tests.SauceDemoWebTest@6b2ea799]" started-at="2023-12-13T16:01:54 PKT" name="endReport" finished-at="2023-12-13T16:01:55 PKT" duration-ms="644" status="PASS">
          <reporter-output>
          </reporter-output>
        </test-method> <!-- endReport -->
      </class> <!-- com.parallel.universe.tests.SauceDemoWebTest -->
    </test> <!-- Test -->
  </suite> <!-- Suite -->
</testng-results>
