<?xml version="1.0" encoding="UTF-8"?>
<testng-results ignored="0" total="2" passed="2" failed="0" skipped="0">
  <reporter-output>
  </reporter-output>
  <suite started-at="2023-12-13T16:07:50 PKT" name="Suite" finished-at="2023-12-13T16:08:02 PKT" duration-ms="12329">
    <groups>
    </groups>
    <test started-at="2023-12-13T16:07:50 PKT" name="Test" finished-at="2023-12-13T16:08:02 PKT" duration-ms="12329">
      <class name="com.parallel.universe.tests.APITestScenarios">
        <test-method is-config="true" signature="setupExtentReport()[pri:0, instance:com.parallel.universe.tests.APITestScenarios@5e0e82ae]" started-at="2023-12-13T16:07:50 PKT" name="setupExtentReport" finished-at="2023-12-13T16:07:50 PKT" duration-ms="461" status="PASS">
          <reporter-output>
          </reporter-output>
        </test-method> <!-- setupExtentReport -->
        <test-method is-config="true" signature="beforeMethod()[pri:0, instance:com.parallel.universe.tests.APITestScenarios@5e0e82ae]" started-at="2023-12-13T16:07:50 PKT" name="beforeMethod" finished-at="2023-12-13T16:07:57 PKT" duration-ms="6395" status="PASS">
          <reporter-output>
          </reporter-output>
        </test-method> <!-- beforeMethod -->
        <test-method signature="DashboardLayoutFinmarkCS()[pri:0, instance:com.parallel.universe.tests.APITestScenarios@5e0e82ae]" started-at="2023-12-13T16:07:57 PKT" name="DashboardLayoutFinmarkCS" finished-at="2023-12-13T16:07:58 PKT" duration-ms="1280" status="PASS">
          <reporter-output>
          </reporter-output>
        </test-method> <!-- DashboardLayoutFinmarkCS -->
        <test-method is-config="true" signature="getResult(org.testng.ITestResult)[pri:0, instance:com.parallel.universe.tests.APITestScenarios@5e0e82ae]" started-at="2023-12-13T16:07:58 PKT" name="getResult" finished-at="2023-12-13T16:07:58 PKT" duration-ms="3" status="PASS">
          <params>
            <param index="0">
              <value>
                <![CDATA[[TestResult name=DashboardLayoutFinmarkCS status=SUCCESS method=APITestScenarios.DashboardLayoutFinmarkCS()[pri:0, instance:com.parallel.universe.tests.APITestScenarios@5e0e82ae] output={null}]]]>
              </value>
            </param>
          </params>
          <reporter-output>
          </reporter-output>
        </test-method> <!-- getResult -->
        <test-method is-config="true" signature="beforeMethod()[pri:0, instance:com.parallel.universe.tests.APITestScenarios@5e0e82ae]" started-at="2023-12-13T16:07:58 PKT" name="beforeMethod" finished-at="2023-12-13T16:08:00 PKT" duration-ms="2158" status="PASS">
          <reporter-output>
          </reporter-output>
        </test-method> <!-- beforeMethod -->
        <test-method signature="DashboardLayoutWithAssert()[pri:0, instance:com.parallel.universe.tests.APITestScenarios@5e0e82ae]" started-at="2023-12-13T16:08:00 PKT" name="DashboardLayoutWithAssert" finished-at="2023-12-13T16:08:02 PKT" duration-ms="1430" status="PASS">
          <reporter-output>
          </reporter-output>
        </test-method> <!-- DashboardLayoutWithAssert -->
        <test-method is-config="true" signature="getResult(org.testng.ITestResult)[pri:0, instance:com.parallel.universe.tests.APITestScenarios@5e0e82ae]" started-at="2023-12-13T16:08:02 PKT" name="getResult" finished-at="2023-12-13T16:08:02 PKT" duration-ms="0" status="PASS">
          <params>
            <param index="0">
              <value>
                <![CDATA[[TestResult name=DashboardLayoutWithAssert status=SUCCESS method=APITestScenarios.DashboardLayoutWithAssert()[pri:0, instance:com.parallel.universe.tests.APITestScenarios@5e0e82ae] output={null}]]]>
              </value>
            </param>
          </params>
          <reporter-output>
          </reporter-output>
        </test-method> <!-- getResult -->
        <test-method is-config="true" signature="endReport()[pri:0, instance:com.parallel.universe.tests.APITestScenarios@5e0e82ae]" started-at="2023-12-13T16:08:02 PKT" name="endReport" finished-at="2023-12-13T16:08:02 PKT" duration-ms="490" status="PASS">
          <reporter-output>
          </reporter-output>
        </test-method> <!-- endReport -->
      </class> <!-- com.parallel.universe.tests.APITestScenarios -->
    </test> <!-- Test -->
  </suite> <!-- Suite -->
</testng-results>
