<?xml version="1.0" encoding="UTF-8"?>
<!-- Generated by org.testng.reporters.JUnitXMLReporter -->
<testsuite ignored="0" hostname="MININT-6SH45PE" failures="1" tests="1" name="Test" time="9.017" errors="0" timestamp="2023-12-04T16:05:01 PKT">
  <testcase classname="com.parallel.universe.tests.AppiumTestScenarios" name="PreferenceTest" time="0.309">
    <failure type="org.openqa.selenium.SessionNotCreatedException" message="Could not start a new session. Response code 500. Message: An unknown server-side error occurred while processing the command. Original error: Could not find a driver for automationName &amp;apos;uiautomator2&amp;apos; and platformName &amp;apos;ANDROID&amp;apos;. Have you installed a driver that supports those capabilities? Run &amp;apos;appium driver list --installed&amp;apos; to see. (Lower-level error: Could not find installed driver to support given caps) 
Host info: host: &amp;apos;MININT-6SH45PE&amp;apos;, ip: &amp;apos;192.168.100.8&amp;apos;
Build info: version: &amp;apos;4.11.0&amp;apos;, revision: &amp;apos;040bc5406b&amp;apos;
System info: os.name: &amp;apos;Windows 10&amp;apos;, os.arch: &amp;apos;amd64&amp;apos;, os.version: &amp;apos;10.0&amp;apos;, java.version: &amp;apos;17.0.8&amp;apos;
Driver info: io.appium.java_client.android.AndroidDriver
Command: [null, newSession {capabilities=[{appium:app=C:\Users\Administrator\seleniumWD\parallel-universe\src\ApiDemos-debug.apk, appium:automationName=uiautomator2, appium:deviceName=emulator-5554, platformName=ANDROID}], desiredCapabilities=Capabilities {app: C:\Users\Administrator\sele..., automationName: uiautomator2, deviceName: emulator-5554, platformName: ANDROID}}]
Capabilities {app: C:\Users\Administrator\sele..., automationName: uiautomator2, deviceName: emulator-5554, platformName: ANDROID}">
      <![CDATA[org.openqa.selenium.SessionNotCreatedException: Could not start a new session. Response code 500. Message: An unknown server-side error occurred while processing the command. Original error: Could not find a driver for automationName 'uiautomator2' and platformName 'ANDROID'. Have you installed a driver that supports those capabilities? Run 'appium driver list --installed' to see. (Lower-level error: Could not find installed driver to support given caps) 
Host info: host: 'MININT-6SH45PE', ip: '192.168.100.8'
Build info: version: '4.11.0', revision: '040bc5406b'
System info: os.name: 'Windows 10', os.arch: 'amd64', os.version: '10.0', java.version: '17.0.8'
Driver info: io.appium.java_client.android.AndroidDriver
Command: [null, newSession {capabilities=[{appium:app=C:\Users\Administrator\seleniumWD\parallel-universe\src\ApiDemos-debug.apk, appium:automationName=uiautomator2, appium:deviceName=emulator-5554, platformName=ANDROID}], desiredCapabilities=Capabilities {app: C:\Users\Administrator\sele..., automationName: uiautomator2, deviceName: emulator-5554, platformName: ANDROID}}]
Capabilities {app: C:\Users\Administrator\sele..., automationName: uiautomator2, deviceName: emulator-5554, platformName: ANDROID}
at org.openqa.selenium.remote.ProtocolHandshake.createSession(ProtocolHandshake.java:140)
at io.appium.java_client.remote.AppiumProtocolHandshake.createSession(AppiumProtocolHandshake.java:133)
at io.appium.java_client.remote.AppiumProtocolHandshake.createSession(AppiumProtocolHandshake.java:102)
at io.appium.java_client.remote.AppiumCommandExecutor.createSession(AppiumCommandExecutor.java:182)
at io.appium.java_client.remote.AppiumCommandExecutor.execute(AppiumCommandExecutor.java:250)
at org.openqa.selenium.remote.RemoteWebDriver.execute(RemoteWebDriver.java:518)
at io.appium.java_client.AppiumDriver.startSession(AppiumDriver.java:274)
at org.openqa.selenium.remote.RemoteWebDriver.<init>(RemoteWebDriver.java:159)
at io.appium.java_client.AppiumDriver.<init>(AppiumDriver.java:89)
at io.appium.java_client.AppiumDriver.<init>(AppiumDriver.java:101)
at io.appium.java_client.android.AndroidDriver.<init>(AndroidDriver.java:113)
at com.parallel.universe.base.BaseAppium.desiredCapabilities(BaseAppium.java:43)
at com.parallel.universe.tests.AppiumTestScenarios.PreferenceTest(AppiumTestScenarios.java:36)
at java.base/java.util.concurrent.ThreadPoolExecutor.runWorker(ThreadPoolExecutor.java:1136)
at java.base/java.util.concurrent.ThreadPoolExecutor$Worker.run(ThreadPoolExecutor.java:635)
at java.base/java.lang.Thread.run(Thread.java:833)
... Removed 16 stack frames]]>
    </failure>
  </testcase> <!-- PreferenceTest -->
</testsuite> <!-- Test -->
